# JRE version: Java(TM) SE Runtime Environment (7.0_51-b13) (build 1.7.0_51-b13)
# Java VM: Java HotSpot(TM) Client VM (24.51-b03 mixed mode, sharing windows-x86 )
Heap
 def new generation   total 8768K, used 5117K [0x24100000, 0x24a80000, 0x29650000)
  eden space 7808K,  65% used [0x24100000, 0x245ff680, 0x248a0000)
  from space 960K,   0% used [0x248a0000, 0x248a0000, 0x24990000)
  to   space 960K,   0% used [0x24990000, 0x24990000, 0x24a80000)
 tenured generation   total 19308K, used 11583K [0x29650000, 0x2a92b000, 0x34100000)
   the space 19308K,  59% used [0x29650000, 0x2a19fed0, 0x2a1a0000, 0x2a92b000)
 compacting perm gen  total 12288K, used 2482K [0x34100000, 0x34d00000, 0x38100000)
   the space 12288K,  20% used [0x34100000, 0x3436c938, 0x3436ca00, 0x34d00000)
    ro space 10240K,  41% used [0x38100000, 0x38532050, 0x38532200, 0x38b00000)
    rw space 12288K,  52% used [0x38b00000, 0x39146800, 0x39146800, 0x39700000)
GC Heap History (10 events):
Event: 1.602 GC heap before
{Heap before GC invocations=14 (full 0):
 def new generation   total 4928K, used 4726K [0x24100000, 0x24650000, 0x29650000)
  eden space 4416K, 100% used [0x24100000, 0x24550000, 0x24550000)
  from space 512K,  60% used [0x24550000, 0x2459dab8, 0x245d0000)
  to   space 512K,   0% used [0x245d0000, 0x245d0000, 0x24650000)
 tenured generation   total 10944K, used 8649K [0x29650000, 0x2a100000, 0x34100000)
   the space 10944K,  79% used [0x29650000, 0x29ec2618, 0x29ec2800, 0x2a100000)
 compacting perm gen  total 12288K, used 1745K [0x34100000, 0x34d00000, 0x38100000)
   the space 12288K,  14% used [0x34100000, 0x342b47a8, 0x342b4800, 0x34d00000)
    ro space 10240K,  41% used [0x38100000, 0x38532050, 0x38532200, 0x38b00000)
    rw space 12288K,  52% used [0x38b00000, 0x39146800, 0x39146800, 0x39700000)
Event: 1.607 GC heap after
Heap after GC invocations=15 (full 0):
 def new generation   total 4928K, used 360K [0x24100000, 0x24650000, 0x29650000)
  eden space 4416K,   0% used [0x24100000, 0x24100000, 0x24550000)
  from space 512K,  70% used [0x245d0000, 0x2462a160, 0x24650000)
  to   space 512K,   0% used [0x24550000, 0x24550000, 0x245d0000)
 tenured generation   total 10944K, used 8954K [0x29650000, 0x2a100000, 0x34100000)
   the space 10944K,  81% used [0x29650000, 0x29f0e860, 0x29f0ea00, 0x2a100000)
 compacting perm gen  total 12288K, used 1745K [0x34100000, 0x34d00000, 0x38100000)
   the space 12288K,  14% used [0x34100000, 0x342b47a8, 0x342b4800, 0x34d00000)
    ro space 10240K,  41% used [0x38100000, 0x38532050, 0x38532200, 0x38b00000)
    rw space 12288K,  52% used [0x38b00000, 0x39146800, 0x39146800, 0x39700000)
}
Event: 1.643 GC heap before
{Heap before GC invocations=15 (full 0):
 def new generation   total 4928K, used 4776K [0x24100000, 0x24650000, 0x29650000)
  eden space 4416K, 100% used [0x24100000, 0x24550000, 0x24550000)
  from space 512K,  70% used [0x245d0000, 0x2462a160, 0x24650000)
  to   space 512K,   0% used [0x24550000, 0x24550000, 0x245d0000)
 tenured generation   total 10944K, used 8954K [0x29650000, 0x2a100000, 0x34100000)
   the space 10944K,  81% used [0x29650000, 0x29f0e860, 0x29f0ea00, 0x2a100000)
 compacting perm gen  total 12288K, used 1745K [0x34100000, 0x34d00000, 0x38100000)
   the space 12288K,  14% used [0x34100000, 0x342b47a8, 0x342b4800, 0x34d00000)
    ro space 10240K,  41% used [0x38100000, 0x38532050, 0x38532200, 0x38b00000)
    rw space 12288K,  52% used [0x38b00000, 0x39146800, 0x39146800, 0x39700000)
Event: 1.649 GC heap after
Heap after GC invocations=16 (full 0):
 def new generation   total 4928K, used 361K [0x24100000, 0x24650000, 0x29650000)
  eden space 4416K,   0% used [0x24100000, 0x24100000, 0x24550000)
  from space 512K,  70% used [0x24550000, 0x245aa7f8, 0x245d0000)
  to   space 512K,   0% used [0x245d0000, 0x245d0000, 0x24650000)
 tenured generation   total 10944K, used 9308K [0x29650000, 0x2a100000, 0x34100000)
   the space 10944K,  85% used [0x29650000, 0x29f67088, 0x29f67200, 0x2a100000)
 compacting perm gen  total 12288K, used 1745K [0x34100000, 0x34d00000, 0x38100000)
   the space 12288K,  14% used [0x34100000, 0x342b47a8, 0x342b4800, 0x34d00000)
    ro space 10240K,  41% used [0x38100000, 0x38532050, 0x38532200, 0x38b00000)
    rw space 12288K,  52% used [0x38b00000, 0x39146800, 0x39146800, 0x39700000)
}
Event: 1.686 GC heap before
{Heap before GC invocations=16 (full 0):
 def new generation   total 4928K, used 4777K [0x24100000, 0x24650000, 0x29650000)
  eden space 4416K, 100% used [0x24100000, 0x24550000, 0x24550000)
  from space 512K,  70% used [0x24550000, 0x245aa7f8, 0x245d0000)
  to   space 512K,   0% used [0x245d0000, 0x245d0000, 0x24650000)
 tenured generation   total 10944K, used 9308K [0x29650000, 0x2a100000, 0x34100000)
   the space 10944K,  85% used [0x29650000, 0x29f67088, 0x29f67200, 0x2a100000)
 compacting perm gen  total 12288K, used 1745K [0x34100000, 0x34d00000, 0x38100000)
   the space 12288K,  14% used [0x34100000, 0x342b47a8, 0x342b4800, 0x34d00000)
    ro space 10240K,  41% used [0x38100000, 0x38532050, 0x38532200, 0x38b00000)
    rw space 12288K,  52% used [0x38b00000, 0x39146800, 0x39146800, 0x39700000)
Event: 1.691 GC heap after
Heap after GC invocations=17 (full 0):
 def new generation   total 4928K, used 315K [0x24100000, 0x24650000, 0x29650000)
  eden space 4416K,   0% used [0x24100000, 0x24100000, 0x24550000)
  from space 512K,  61% used [0x245d0000, 0x2461eca0, 0x24650000)
  to   space 512K,   0% used [0x24550000, 0x24550000, 0x245d0000)
 tenured generation   total 10944K, used 9664K [0x29650000, 0x2a100000, 0x34100000)
   the space 10944K,  88% used [0x29650000, 0x29fc00a0, 0x29fc0200, 0x2a100000)
 compacting perm gen  total 12288K, used 1745K [0x34100000, 0x34d00000, 0x38100000)
   the space 12288K,  14% used [0x34100000, 0x342b47a8, 0x342b4800, 0x34d00000)
    ro space 10240K,  41% used [0x38100000, 0x38532050, 0x38532200, 0x38b00000)
    rw space 12288K,  52% used [0x38b00000, 0x39146800, 0x39146800, 0x39700000)
}
Event: 1.728 GC heap before
{Heap before GC invocations=17 (full 0):
 def new generation   total 4928K, used 4731K [0x24100000, 0x24650000, 0x29650000)
  eden space 4416K, 100% used [0x24100000, 0x24550000, 0x24550000)
  from space 512K,  61% used [0x245d0000, 0x2461eca0, 0x24650000)
  to   space 512K,   0% used [0x24550000, 0x24550000, 0x245d0000)
 tenured generation   total 10944K, used 9664K [0x29650000, 0x2a100000, 0x34100000)
   the space 10944K,  88% used [0x29650000, 0x29fc00a0, 0x29fc0200, 0x2a100000)
 compacting perm gen  total 12288K, used 1745K [0x34100000, 0x34d00000, 0x38100000)
   the space 12288K,  14% used [0x34100000, 0x342b47a8, 0x342b4800, 0x34d00000)
    ro space 10240K,  41% used [0x38100000, 0x38532050, 0x38532200, 0x38b00000)
    rw space 12288K,  52% used [0x38b00000, 0x39146800, 0x39146800, 0x39700000)
Event: 1.733 GC heap after
Heap after GC invocations=18 (full 0):
 def new generation   total 4928K, used 346K [0x24100000, 0x24650000, 0x29650000)
  eden space 4416K,   0% used [0x24100000, 0x24100000, 0x24550000)
  from space 512K,  67% used [0x24550000, 0x245a6b38, 0x245d0000)
  to   space 512K,   0% used [0x245d0000, 0x245d0000, 0x24650000)
 tenured generation   total 10944K, used 9976K [0x29650000, 0x2a100000, 0x34100000)
   the space 10944K,  91% used [0x29650000, 0x2a00e080, 0x2a00e200, 0x2a100000)
 compacting perm gen  total 12288K, used 1745K [0x34100000, 0x34d00000, 0x38100000)
   the space 12288K,  14% used [0x34100000, 0x342b47a8, 0x342b4800, 0x34d00000)
    ro space 10240K,  41% used [0x38100000, 0x38532050, 0x38532200, 0x38b00000)
    rw space 12288K,  52% used [0x38b00000, 0x39146800, 0x39146800, 0x39700000)
}
Event: 2.431 GC heap before
{Heap before GC invocations=18 (full 0):
 def new generation   total 4928K, used 3279K [0x24100000, 0x24650000, 0x29650000)
  eden space 4416K,  66% used [0x24100000, 0x243dd1c8, 0x24550000)
  from space 512K,  67% used [0x24550000, 0x245a6b38, 0x245d0000)
  to   space 512K,   0% used [0x245d0000, 0x245d0000, 0x24650000)
 tenured generation   total 10944K, used 9976K [0x29650000, 0x2a100000, 0x34100000)
   the space 10944K,  91% used [0x29650000, 0x2a00e080, 0x2a00e200, 0x2a100000)
 compacting perm gen  total 12288K, used 2455K [0x34100000, 0x34d00000, 0x38100000)
   the space 12288K,  19% used [0x34100000, 0x34365d28, 0x34365e00, 0x34d00000)
    ro space 10240K,  41% used [0x38100000, 0x38532050, 0x38532200, 0x38b00000)
    rw space 12288K,  52% used [0x38b00000, 0x39146800, 0x39146800, 0x39700000)
Event: 2.532 GC heap after
Heap after GC invocations=19 (full 1):
 def new generation   total 8768K, used 461K [0x24100000, 0x24a80000, 0x29650000)
  eden space 7808K,   5% used [0x24100000, 0x241736f8, 0x248a0000)
  from space 960K,   0% used [0x248a0000, 0x248a0000, 0x24990000)
  to   space 960K,   0% used [0x24990000, 0x24990000, 0x24a80000)
 tenured generation   total 19308K, used 11583K [0x29650000, 0x2a92b000, 0x34100000)
   the space 19308K,  59% used [0x29650000, 0x2a19fed0, 0x2a1a0000, 0x2a92b000)
 compacting perm gen  total 12288K, used 2455K [0x34100000, 0x34d00000, 0x38100000)
   the space 12288K,  19% used [0x34100000, 0x34365d28, 0x34365e00, 0x34d00000)
    ro space 10240K,  41% used [0x38100000, 0x38532050, 0x38532200, 0x38b00000)
    rw space 12288K,  52% used [0x38b00000, 0x39146800, 0x39146800, 0x39700000)
}

