# JRE version: Java(TM) SE Runtime Environment (7.0_51-b13) (build 1.7.0_51-b13)
# Java VM: Java HotSpot(TM) Client VM (24.51-b03 mixed mode, sharing windows-x86 )
Heap
 def new generation   total 8832K, used 5107K [0x24100000, 0x24a90000, 0x29650000)
  eden space 7872K,  64% used [0x24100000, 0x245fcd38, 0x248b0000)
  from space 960K,   0% used [0x248b0000, 0x248b0000, 0x249a0000)
  to   space 960K,   0% used [0x249a0000, 0x249a0000, 0x24a90000)
 tenured generation   total 19520K, used 11711K [0x29650000, 0x2a960000, 0x34100000)
   the space 19520K,  59% used [0x29650000, 0x2a1bfff8, 0x2a1c0000, 0x2a960000)
 compacting perm gen  total 12288K, used 2480K [0x34100000, 0x34d00000, 0x38100000)
   the space 12288K,  20% used [0x34100000, 0x3436c358, 0x3436c400, 0x34d00000)
    ro space 10240K,  41% used [0x38100000, 0x38532050, 0x38532200, 0x38b00000)
    rw space 12288K,  52% used [0x38b00000, 0x39146800, 0x39146800, 0x39700000)
GC Heap History (10 events):
Event: 1.439 GC heap before
{Heap before GC invocations=14 (full 0):
 def new generation   total 4928K, used 4727K [0x24100000, 0x24650000, 0x29650000)
  eden space 4416K, 100% used [0x24100000, 0x24550000, 0x24550000)
  from space 512K,  60% used [0x24550000, 0x2459de80, 0x245d0000)
  to   space 512K,   0% used [0x245d0000, 0x245d0000, 0x24650000)
 tenured generation   total 10944K, used 8649K [0x29650000, 0x2a100000, 0x34100000)
   the space 10944K,  79% used [0x29650000, 0x29ec2658, 0x29ec2800, 0x2a100000)
 compacting perm gen  total 12288K, used 1745K [0x34100000, 0x34d00000, 0x38100000)
   the space 12288K,  14% used [0x34100000, 0x342b4778, 0x342b4800, 0x34d00000)
    ro space 10240K,  41% used [0x38100000, 0x38532050, 0x38532200, 0x38b00000)
    rw space 12288K,  52% used [0x38b00000, 0x39146800, 0x39146800, 0x39700000)
Event: 1.443 GC heap after
Heap after GC invocations=15 (full 0):
 def new generation   total 4928K, used 354K [0x24100000, 0x24650000, 0x29650000)
  eden space 4416K,   0% used [0x24100000, 0x24100000, 0x24550000)
  from space 512K,  69% used [0x245d0000, 0x24628960, 0x24650000)
  to   space 512K,   0% used [0x24550000, 0x24550000, 0x245d0000)
 tenured generation   total 10944K, used 8960K [0x29650000, 0x2a100000, 0x34100000)
   the space 10944K,  81% used [0x29650000, 0x29f103a8, 0x29f10400, 0x2a100000)
 compacting perm gen  total 12288K, used 1745K [0x34100000, 0x34d00000, 0x38100000)
   the space 12288K,  14% used [0x34100000, 0x342b4778, 0x342b4800, 0x34d00000)
    ro space 10240K,  41% used [0x38100000, 0x38532050, 0x38532200, 0x38b00000)
    rw space 12288K,  52% used [0x38b00000, 0x39146800, 0x39146800, 0x39700000)
}
Event: 1.485 GC heap before
{Heap before GC invocations=15 (full 0):
 def new generation   total 4928K, used 4770K [0x24100000, 0x24650000, 0x29650000)
  eden space 4416K, 100% used [0x24100000, 0x24550000, 0x24550000)
  from space 512K,  69% used [0x245d0000, 0x24628960, 0x24650000)
  to   space 512K,   0% used [0x24550000, 0x24550000, 0x245d0000)
 tenured generation   total 10944K, used 8960K [0x29650000, 0x2a100000, 0x34100000)
   the space 10944K,  81% used [0x29650000, 0x29f103a8, 0x29f10400, 0x2a100000)
 compacting perm gen  total 12288K, used 1745K [0x34100000, 0x34d00000, 0x38100000)
   the space 12288K,  14% used [0x34100000, 0x342b4778, 0x342b4800, 0x34d00000)
    ro space 10240K,  41% used [0x38100000, 0x38532050, 0x38532200, 0x38b00000)
    rw space 12288K,  52% used [0x38b00000, 0x39146800, 0x39146800, 0x39700000)
Event: 1.489 GC heap after
Heap after GC invocations=16 (full 0):
 def new generation   total 4928K, used 353K [0x24100000, 0x24650000, 0x29650000)
  eden space 4416K,   0% used [0x24100000, 0x24100000, 0x24550000)
  from space 512K,  68% used [0x24550000, 0x245a8460, 0x245d0000)
  to   space 512K,   0% used [0x245d0000, 0x245d0000, 0x24650000)
 tenured generation   total 10944K, used 9314K [0x29650000, 0x2a100000, 0x34100000)
   the space 10944K,  85% used [0x29650000, 0x29f68bd0, 0x29f68c00, 0x2a100000)
 compacting perm gen  total 12288K, used 1745K [0x34100000, 0x34d00000, 0x38100000)
   the space 12288K,  14% used [0x34100000, 0x342b4778, 0x342b4800, 0x34d00000)
    ro space 10240K,  41% used [0x38100000, 0x38532050, 0x38532200, 0x38b00000)
    rw space 12288K,  52% used [0x38b00000, 0x39146800, 0x39146800, 0x39700000)
}
Event: 1.523 GC heap before
{Heap before GC invocations=16 (full 0):
 def new generation   total 4928K, used 4769K [0x24100000, 0x24650000, 0x29650000)
  eden space 4416K, 100% used [0x24100000, 0x24550000, 0x24550000)
  from space 512K,  68% used [0x24550000, 0x245a8460, 0x245d0000)
  to   space 512K,   0% used [0x245d0000, 0x245d0000, 0x24650000)
 tenured generation   total 10944K, used 9314K [0x29650000, 0x2a100000, 0x34100000)
   the space 10944K,  85% used [0x29650000, 0x29f68bd0, 0x29f68c00, 0x2a100000)
 compacting perm gen  total 12288K, used 1745K [0x34100000, 0x34d00000, 0x38100000)
   the space 12288K,  14% used [0x34100000, 0x342b4778, 0x342b4800, 0x34d00000)
    ro space 10240K,  41% used [0x38100000, 0x38532050, 0x38532200, 0x38b00000)
    rw space 12288K,  52% used [0x38b00000, 0x39146800, 0x39146800, 0x39700000)
Event: 1.528 GC heap after
Heap after GC invocations=17 (full 0):
 def new generation   total 4928K, used 309K [0x24100000, 0x24650000, 0x29650000)
  eden space 4416K,   0% used [0x24100000, 0x24100000, 0x24550000)
  from space 512K,  60% used [0x245d0000, 0x2461d580, 0x24650000)
  to   space 512K,   0% used [0x24550000, 0x24550000, 0x245d0000)
 tenured generation   total 10944K, used 9667K [0x29650000, 0x2a100000, 0x34100000)
   the space 10944K,  88% used [0x29650000, 0x29fc0eb8, 0x29fc1000, 0x2a100000)
 compacting perm gen  total 12288K, used 1745K [0x34100000, 0x34d00000, 0x38100000)
   the space 12288K,  14% used [0x34100000, 0x342b4778, 0x342b4800, 0x34d00000)
    ro space 10240K,  41% used [0x38100000, 0x38532050, 0x38532200, 0x38b00000)
    rw space 12288K,  52% used [0x38b00000, 0x39146800, 0x39146800, 0x39700000)
}
Event: 1.598 GC heap before
{Heap before GC invocations=17 (full 0):
 def new generation   total 4928K, used 4725K [0x24100000, 0x24650000, 0x29650000)
  eden space 4416K, 100% used [0x24100000, 0x24550000, 0x24550000)
  from space 512K,  60% used [0x245d0000, 0x2461d580, 0x24650000)
  to   space 512K,   0% used [0x24550000, 0x24550000, 0x245d0000)
 tenured generation   total 10944K, used 9667K [0x29650000, 0x2a100000, 0x34100000)
   the space 10944K,  88% used [0x29650000, 0x29fc0eb8, 0x29fc1000, 0x2a100000)
 compacting perm gen  total 12288K, used 1745K [0x34100000, 0x34d00000, 0x38100000)
   the space 12288K,  14% used [0x34100000, 0x342b4778, 0x342b4800, 0x34d00000)
    ro space 10240K,  41% used [0x38100000, 0x38532050, 0x38532200, 0x38b00000)
    rw space 12288K,  52% used [0x38b00000, 0x39146800, 0x39146800, 0x39700000)
Event: 1.602 GC heap after
Heap after GC invocations=18 (full 0):
 def new generation   total 4928K, used 347K [0x24100000, 0x24650000, 0x29650000)
  eden space 4416K,   0% used [0x24100000, 0x24100000, 0x24550000)
  from space 512K,  67% used [0x24550000, 0x245a6e08, 0x245d0000)
  to   space 512K,   0% used [0x245d0000, 0x245d0000, 0x24650000)
 tenured generation   total 10944K, used 9973K [0x29650000, 0x2a100000, 0x34100000)
   the space 10944K,  91% used [0x29650000, 0x2a00d6f0, 0x2a00d800, 0x2a100000)
 compacting perm gen  total 12288K, used 1745K [0x34100000, 0x34d00000, 0x38100000)
   the space 12288K,  14% used [0x34100000, 0x342b4778, 0x342b4800, 0x34d00000)
    ro space 10240K,  41% used [0x38100000, 0x38532050, 0x38532200, 0x38b00000)
    rw space 12288K,  52% used [0x38b00000, 0x39146800, 0x39146800, 0x39700000)
}
Event: 2.303 GC heap before
{Heap before GC invocations=18 (full 0):
 def new generation   total 4928K, used 3419K [0x24100000, 0x24650000, 0x29650000)
  eden space 4416K,  69% used [0x24100000, 0x243ffeb8, 0x24550000)
  from space 512K,  67% used [0x24550000, 0x245a6e08, 0x245d0000)
  to   space 512K,   0% used [0x245d0000, 0x245d0000, 0x24650000)
 tenured generation   total 10944K, used 9973K [0x29650000, 0x2a100000, 0x34100000)
   the space 10944K,  91% used [0x29650000, 0x2a00d6f0, 0x2a00d800, 0x2a100000)
 compacting perm gen  total 12288K, used 2454K [0x34100000, 0x34d00000, 0x38100000)
   the space 12288K,  19% used [0x34100000, 0x34365828, 0x34365a00, 0x34d00000)
    ro space 10240K,  41% used [0x38100000, 0x38532050, 0x38532200, 0x38b00000)
    rw space 12288K,  52% used [0x38b00000, 0x39146800, 0x39146800, 0x39700000)
Event: 2.400 GC heap after
Heap after GC invocations=19 (full 1):
 def new generation   total 8832K, used 393K [0x24100000, 0x24a90000, 0x29650000)
  eden space 7872K,   4% used [0x24100000, 0x24162640, 0x248b0000)
  from space 960K,   0% used [0x248b0000, 0x248b0000, 0x249a0000)
  to   space 960K,   0% used [0x249a0000, 0x249a0000, 0x24a90000)
 tenured generation   total 19520K, used 11711K [0x29650000, 0x2a960000, 0x34100000)
   the space 19520K,  59% used [0x29650000, 0x2a1bfff8, 0x2a1c0000, 0x2a960000)
 compacting perm gen  total 12288K, used 2454K [0x34100000, 0x34d00000, 0x38100000)
   the space 12288K,  19% used [0x34100000, 0x34365828, 0x34365a00, 0x34d00000)
    ro space 10240K,  41% used [0x38100000, 0x38532050, 0x38532200, 0x38b00000)
    rw space 12288K,  52% used [0x38b00000, 0x39146800, 0x39146800, 0x39700000)
}

