# JRE version: Java(TM) SE Runtime Environment (7.0_51-b13) (build 1.7.0_51-b13)
# Java VM: Java HotSpot(TM) Client VM (24.51-b03 mixed mode, sharing windows-x86 )
Heap
 def new generation   total 9152K, used 6193K [0x24100000, 0x24ae0000, 0x29650000)
  eden space 8192K,  75% used [0x24100000, 0x2470c608, 0x24900000)
  from space 960K,   0% used [0x24900000, 0x24900000, 0x249f0000)
  to   space 960K,   0% used [0x249f0000, 0x249f0000, 0x24ae0000)
 tenured generation   total 20160K, used 12095K [0x29650000, 0x2aa00000, 0x34100000)
   the space 20160K,  59% used [0x29650000, 0x2a21ffe8, 0x2a220000, 0x2aa00000)
 compacting perm gen  total 12288K, used 2482K [0x34100000, 0x34d00000, 0x38100000)
   the space 12288K,  20% used [0x34100000, 0x3436c928, 0x3436ca00, 0x34d00000)
    ro space 10240K,  41% used [0x38100000, 0x38532050, 0x38532200, 0x38b00000)
    rw space 12288K,  52% used [0x38b00000, 0x39146800, 0x39146800, 0x39700000)
GC Heap History (10 events):
Event: 1.629 GC heap before
{Heap before GC invocations=14 (full 0):
 def new generation   total 4928K, used 4727K [0x24100000, 0x24650000, 0x29650000)
  eden space 4416K, 100% used [0x24100000, 0x24550000, 0x24550000)
  from space 512K,  60% used [0x24550000, 0x2459df60, 0x245d0000)
  to   space 512K,   0% used [0x245d0000, 0x245d0000, 0x24650000)
 tenured generation   total 10944K, used 8646K [0x29650000, 0x2a100000, 0x34100000)
   the space 10944K,  79% used [0x29650000, 0x29ec18c8, 0x29ec1a00, 0x2a100000)
 compacting perm gen  total 12288K, used 1745K [0x34100000, 0x34d00000, 0x38100000)
   the space 12288K,  14% used [0x34100000, 0x342b4788, 0x342b4800, 0x34d00000)
    ro space 10240K,  41% used [0x38100000, 0x38532050, 0x38532200, 0x38b00000)
    rw space 12288K,  52% used [0x38b00000, 0x39146800, 0x39146800, 0x39700000)
Event: 1.634 GC heap after
Heap after GC invocations=15 (full 0):
 def new generation   total 4928K, used 354K [0x24100000, 0x24650000, 0x29650000)
  eden space 4416K,   0% used [0x24100000, 0x24100000, 0x24550000)
  from space 512K,  69% used [0x245d0000, 0x24628a68, 0x24650000)
  to   space 512K,   0% used [0x24550000, 0x24550000, 0x245d0000)
 tenured generation   total 10944K, used 8957K [0x29650000, 0x2a100000, 0x34100000)
   the space 10944K,  81% used [0x29650000, 0x29f0f5e8, 0x29f0f600, 0x2a100000)
 compacting perm gen  total 12288K, used 1745K [0x34100000, 0x34d00000, 0x38100000)
   the space 12288K,  14% used [0x34100000, 0x342b4788, 0x342b4800, 0x34d00000)
    ro space 10240K,  41% used [0x38100000, 0x38532050, 0x38532200, 0x38b00000)
    rw space 12288K,  52% used [0x38b00000, 0x39146800, 0x39146800, 0x39700000)
}
Event: 1.672 GC heap before
{Heap before GC invocations=15 (full 0):
 def new generation   total 4928K, used 4770K [0x24100000, 0x24650000, 0x29650000)
  eden space 4416K, 100% used [0x24100000, 0x24550000, 0x24550000)
  from space 512K,  69% used [0x245d0000, 0x24628a68, 0x24650000)
  to   space 512K,   0% used [0x24550000, 0x24550000, 0x245d0000)
 tenured generation   total 10944K, used 8957K [0x29650000, 0x2a100000, 0x34100000)
   the space 10944K,  81% used [0x29650000, 0x29f0f5e8, 0x29f0f600, 0x2a100000)
 compacting perm gen  total 12288K, used 1745K [0x34100000, 0x34d00000, 0x38100000)
   the space 12288K,  14% used [0x34100000, 0x342b4788, 0x342b4800, 0x34d00000)
    ro space 10240K,  41% used [0x38100000, 0x38532050, 0x38532200, 0x38b00000)
    rw space 12288K,  52% used [0x38b00000, 0x39146800, 0x39146800, 0x39700000)
Event: 1.678 GC heap after
Heap after GC invocations=16 (full 0):
 def new generation   total 4928K, used 355K [0x24100000, 0x24650000, 0x29650000)
  eden space 4416K,   0% used [0x24100000, 0x24100000, 0x24550000)
  from space 512K,  69% used [0x24550000, 0x245a8d08, 0x245d0000)
  to   space 512K,   0% used [0x245d0000, 0x245d0000, 0x24650000)
 tenured generation   total 10944K, used 9311K [0x29650000, 0x2a100000, 0x34100000)
   the space 10944K,  85% used [0x29650000, 0x29f67e10, 0x29f68000, 0x2a100000)
 compacting perm gen  total 12288K, used 1745K [0x34100000, 0x34d00000, 0x38100000)
   the space 12288K,  14% used [0x34100000, 0x342b4788, 0x342b4800, 0x34d00000)
    ro space 10240K,  41% used [0x38100000, 0x38532050, 0x38532200, 0x38b00000)
    rw space 12288K,  52% used [0x38b00000, 0x39146800, 0x39146800, 0x39700000)
}
Event: 1.724 GC heap before
{Heap before GC invocations=16 (full 0):
 def new generation   total 4928K, used 4771K [0x24100000, 0x24650000, 0x29650000)
  eden space 4416K, 100% used [0x24100000, 0x24550000, 0x24550000)
  from space 512K,  69% used [0x24550000, 0x245a8d08, 0x245d0000)
  to   space 512K,   0% used [0x245d0000, 0x245d0000, 0x24650000)
 tenured generation   total 10944K, used 9311K [0x29650000, 0x2a100000, 0x34100000)
   the space 10944K,  85% used [0x29650000, 0x29f67e10, 0x29f68000, 0x2a100000)
 compacting perm gen  total 12288K, used 1745K [0x34100000, 0x34d00000, 0x38100000)
   the space 12288K,  14% used [0x34100000, 0x342b4788, 0x342b4800, 0x34d00000)
    ro space 10240K,  41% used [0x38100000, 0x38532050, 0x38532200, 0x38b00000)
    rw space 12288K,  52% used [0x38b00000, 0x39146800, 0x39146800, 0x39700000)
Event: 1.732 GC heap after
Heap after GC invocations=17 (full 0):
 def new generation   total 4928K, used 315K [0x24100000, 0x24650000, 0x29650000)
  eden space 4416K,   0% used [0x24100000, 0x24100000, 0x24550000)
  from space 512K,  61% used [0x245d0000, 0x2461eee0, 0x24650000)
  to   space 512K,   0% used [0x24550000, 0x24550000, 0x245d0000)
 tenured generation   total 10944K, used 9660K [0x29650000, 0x2a100000, 0x34100000)
   the space 10944K,  88% used [0x29650000, 0x29fbf2b8, 0x29fbf400, 0x2a100000)
 compacting perm gen  total 12288K, used 1745K [0x34100000, 0x34d00000, 0x38100000)
   the space 12288K,  14% used [0x34100000, 0x342b4788, 0x342b4800, 0x34d00000)
    ro space 10240K,  41% used [0x38100000, 0x38532050, 0x38532200, 0x38b00000)
    rw space 12288K,  52% used [0x38b00000, 0x39146800, 0x39146800, 0x39700000)
}
Event: 1.775 GC heap before
{Heap before GC invocations=17 (full 0):
 def new generation   total 4928K, used 4731K [0x24100000, 0x24650000, 0x29650000)
  eden space 4416K, 100% used [0x24100000, 0x24550000, 0x24550000)
  from space 512K,  61% used [0x245d0000, 0x2461eee0, 0x24650000)
  to   space 512K,   0% used [0x24550000, 0x24550000, 0x245d0000)
 tenured generation   total 10944K, used 9660K [0x29650000, 0x2a100000, 0x34100000)
   the space 10944K,  88% used [0x29650000, 0x29fbf2b8, 0x29fbf400, 0x2a100000)
 compacting perm gen  total 12288K, used 1745K [0x34100000, 0x34d00000, 0x38100000)
   the space 12288K,  14% used [0x34100000, 0x342b4788, 0x342b4800, 0x34d00000)
    ro space 10240K,  41% used [0x38100000, 0x38532050, 0x38532200, 0x38b00000)
    rw space 12288K,  52% used [0x38b00000, 0x39146800, 0x39146800, 0x39700000)
Event: 1.778 GC heap after
Heap after GC invocations=18 (full 0):
 def new generation   total 4928K, used 347K [0x24100000, 0x24650000, 0x29650000)
  eden space 4416K,   0% used [0x24100000, 0x24100000, 0x24550000)
  from space 512K,  67% used [0x24550000, 0x245a6d80, 0x245d0000)
  to   space 512K,   0% used [0x245d0000, 0x245d0000, 0x24650000)
 tenured generation   total 10944K, used 9972K [0x29650000, 0x2a100000, 0x34100000)
   the space 10944K,  91% used [0x29650000, 0x2a00d298, 0x2a00d400, 0x2a100000)
 compacting perm gen  total 12288K, used 1745K [0x34100000, 0x34d00000, 0x38100000)
   the space 12288K,  14% used [0x34100000, 0x342b4788, 0x342b4800, 0x34d00000)
    ro space 10240K,  41% used [0x38100000, 0x38532050, 0x38532200, 0x38b00000)
    rw space 12288K,  52% used [0x38b00000, 0x39146800, 0x39146800, 0x39700000)
}
Event: 4.768 GC heap before
{Heap before GC invocations=18 (full 0):
 def new generation   total 4928K, used 4235K [0x24100000, 0x24650000, 0x29650000)
  eden space 4416K,  88% used [0x24100000, 0x244cc0e0, 0x24550000)
  from space 512K,  67% used [0x24550000, 0x245a6d80, 0x245d0000)
  to   space 512K,   0% used [0x245d0000, 0x245d0000, 0x24650000)
 tenured generation   total 10944K, used 9972K [0x29650000, 0x2a100000, 0x34100000)
   the space 10944K,  91% used [0x29650000, 0x2a00d298, 0x2a00d400, 0x2a100000)
 compacting perm gen  total 12288K, used 2455K [0x34100000, 0x34d00000, 0x38100000)
   the space 12288K,  19% used [0x34100000, 0x34365d18, 0x34365e00, 0x34d00000)
    ro space 10240K,  41% used [0x38100000, 0x38532050, 0x38532200, 0x38b00000)
    rw space 12288K,  52% used [0x38b00000, 0x39146800, 0x39146800, 0x39700000)
Event: 4.863 GC heap after
Heap after GC invocations=19 (full 1):
 def new generation   total 9152K, used 395K [0x24100000, 0x24ae0000, 0x29650000)
  eden space 8192K,   4% used [0x24100000, 0x24162c58, 0x24900000)
  from space 960K,   0% used [0x24900000, 0x24900000, 0x249f0000)
  to   space 960K,   0% used [0x249f0000, 0x249f0000, 0x24ae0000)
 tenured generation   total 20160K, used 12095K [0x29650000, 0x2aa00000, 0x34100000)
   the space 20160K,  59% used [0x29650000, 0x2a21ffe8, 0x2a220000, 0x2aa00000)
 compacting perm gen  total 12288K, used 2455K [0x34100000, 0x34d00000, 0x38100000)
   the space 12288K,  19% used [0x34100000, 0x34365d18, 0x34365e00, 0x34d00000)
    ro space 10240K,  41% used [0x38100000, 0x38532050, 0x38532200, 0x38b00000)
    rw space 12288K,  52% used [0x38b00000, 0x39146800, 0x39146800, 0x39700000)
}

