# JRE version: Java(TM) SE Runtime Environment (7.0_51-b13) (build 1.7.0_51-b13)
# Java VM: Java HotSpot(TM) Client VM (24.51-b03 mixed mode, sharing windows-x86 )
Heap
 def new generation   total 8704K, used 5147K [0x24100000, 0x24a70000, 0x29650000)
  eden space 7744K,  66% used [0x24100000, 0x24606d20, 0x24890000)
  from space 960K,   0% used [0x24890000, 0x24890000, 0x24980000)
  to   space 960K,   0% used [0x24980000, 0x24980000, 0x24a70000)
 tenured generation   total 19284K, used 11570K [0x29650000, 0x2a925000, 0x34100000)
   the space 19284K,  59% used [0x29650000, 0x2a19c818, 0x2a19ca00, 0x2a925000)
 compacting perm gen  total 12288K, used 2482K [0x34100000, 0x34d00000, 0x38100000)
   the space 12288K,  20% used [0x34100000, 0x3436c918, 0x3436ca00, 0x34d00000)
    ro space 10240K,  41% used [0x38100000, 0x38532050, 0x38532200, 0x38b00000)
    rw space 12288K,  52% used [0x38b00000, 0x39146800, 0x39146800, 0x39700000)
GC Heap History (10 events):
Event: 1.113 GC heap before
{Heap before GC invocations=14 (full 0):
 def new generation   total 4928K, used 4730K [0x24100000, 0x24650000, 0x29650000)
  eden space 4416K, 100% used [0x24100000, 0x24550000, 0x24550000)
  from space 512K,  61% used [0x24550000, 0x2459eb68, 0x245d0000)
  to   space 512K,   0% used [0x245d0000, 0x245d0000, 0x24650000)
 tenured generation   total 10944K, used 8647K [0x29650000, 0x2a100000, 0x34100000)
   the space 10944K,  79% used [0x29650000, 0x29ec1c08, 0x29ec1e00, 0x2a100000)
 compacting perm gen  total 12288K, used 1745K [0x34100000, 0x34d00000, 0x38100000)
   the space 12288K,  14% used [0x34100000, 0x342b4798, 0x342b4800, 0x34d00000)
    ro space 10240K,  41% used [0x38100000, 0x38532050, 0x38532200, 0x38b00000)
    rw space 12288K,  52% used [0x38b00000, 0x39146800, 0x39146800, 0x39700000)
Event: 1.116 GC heap after
Heap after GC invocations=15 (full 0):
 def new generation   total 4928K, used 357K [0x24100000, 0x24650000, 0x29650000)
  eden space 4416K,   0% used [0x24100000, 0x24100000, 0x24550000)
  from space 512K,  69% used [0x245d0000, 0x24629578, 0x24650000)
  to   space 512K,   0% used [0x24550000, 0x24550000, 0x245d0000)
 tenured generation   total 10944K, used 8958K [0x29650000, 0x2a100000, 0x34100000)
   the space 10944K,  81% used [0x29650000, 0x29f0fb20, 0x29f0fc00, 0x2a100000)
 compacting perm gen  total 12288K, used 1745K [0x34100000, 0x34d00000, 0x38100000)
   the space 12288K,  14% used [0x34100000, 0x342b4798, 0x342b4800, 0x34d00000)
    ro space 10240K,  41% used [0x38100000, 0x38532050, 0x38532200, 0x38b00000)
    rw space 12288K,  52% used [0x38b00000, 0x39146800, 0x39146800, 0x39700000)
}
Event: 1.142 GC heap before
{Heap before GC invocations=15 (full 0):
 def new generation   total 4928K, used 4773K [0x24100000, 0x24650000, 0x29650000)
  eden space 4416K, 100% used [0x24100000, 0x24550000, 0x24550000)
  from space 512K,  69% used [0x245d0000, 0x24629578, 0x24650000)
  to   space 512K,   0% used [0x24550000, 0x24550000, 0x245d0000)
 tenured generation   total 10944K, used 8958K [0x29650000, 0x2a100000, 0x34100000)
   the space 10944K,  81% used [0x29650000, 0x29f0fb20, 0x29f0fc00, 0x2a100000)
 compacting perm gen  total 12288K, used 1745K [0x34100000, 0x34d00000, 0x38100000)
   the space 12288K,  14% used [0x34100000, 0x342b4798, 0x342b4800, 0x34d00000)
    ro space 10240K,  41% used [0x38100000, 0x38532050, 0x38532200, 0x38b00000)
    rw space 12288K,  52% used [0x38b00000, 0x39146800, 0x39146800, 0x39700000)
Event: 1.146 GC heap after
Heap after GC invocations=16 (full 0):
 def new generation   total 4928K, used 358K [0x24100000, 0x24650000, 0x29650000)
  eden space 4416K,   0% used [0x24100000, 0x24100000, 0x24550000)
  from space 512K,  69% used [0x24550000, 0x245a9838, 0x245d0000)
  to   space 512K,   0% used [0x245d0000, 0x245d0000, 0x24650000)
 tenured generation   total 10944K, used 9312K [0x29650000, 0x2a100000, 0x34100000)
   the space 10944K,  85% used [0x29650000, 0x29f68348, 0x29f68400, 0x2a100000)
 compacting perm gen  total 12288K, used 1745K [0x34100000, 0x34d00000, 0x38100000)
   the space 12288K,  14% used [0x34100000, 0x342b4798, 0x342b4800, 0x34d00000)
    ro space 10240K,  41% used [0x38100000, 0x38532050, 0x38532200, 0x38b00000)
    rw space 12288K,  52% used [0x38b00000, 0x39146800, 0x39146800, 0x39700000)
}
Event: 1.172 GC heap before
{Heap before GC invocations=16 (full 0):
 def new generation   total 4928K, used 4774K [0x24100000, 0x24650000, 0x29650000)
  eden space 4416K, 100% used [0x24100000, 0x24550000, 0x24550000)
  from space 512K,  69% used [0x24550000, 0x245a9838, 0x245d0000)
  to   space 512K,   0% used [0x245d0000, 0x245d0000, 0x24650000)
 tenured generation   total 10944K, used 9312K [0x29650000, 0x2a100000, 0x34100000)
   the space 10944K,  85% used [0x29650000, 0x29f68348, 0x29f68400, 0x2a100000)
 compacting perm gen  total 12288K, used 1745K [0x34100000, 0x34d00000, 0x38100000)
   the space 12288K,  14% used [0x34100000, 0x342b4798, 0x342b4800, 0x34d00000)
    ro space 10240K,  41% used [0x38100000, 0x38532050, 0x38532200, 0x38b00000)
    rw space 12288K,  52% used [0x38b00000, 0x39146800, 0x39146800, 0x39700000)
Event: 1.176 GC heap after
Heap after GC invocations=17 (full 0):
 def new generation   total 4928K, used 327K [0x24100000, 0x24650000, 0x29650000)
  eden space 4416K,   0% used [0x24100000, 0x24100000, 0x24550000)
  from space 512K,  63% used [0x245d0000, 0x24621dd0, 0x24650000)
  to   space 512K,   0% used [0x24550000, 0x24550000, 0x245d0000)
 tenured generation   total 10944K, used 9668K [0x29650000, 0x2a100000, 0x34100000)
   the space 10944K,  88% used [0x29650000, 0x29fc1368, 0x29fc1400, 0x2a100000)
 compacting perm gen  total 12288K, used 1745K [0x34100000, 0x34d00000, 0x38100000)
   the space 12288K,  14% used [0x34100000, 0x342b4798, 0x342b4800, 0x34d00000)
    ro space 10240K,  41% used [0x38100000, 0x38532050, 0x38532200, 0x38b00000)
    rw space 12288K,  52% used [0x38b00000, 0x39146800, 0x39146800, 0x39700000)
}
Event: 1.202 GC heap before
{Heap before GC invocations=17 (full 0):
 def new generation   total 4928K, used 4743K [0x24100000, 0x24650000, 0x29650000)
  eden space 4416K, 100% used [0x24100000, 0x24550000, 0x24550000)
  from space 512K,  63% used [0x245d0000, 0x24621dd0, 0x24650000)
  to   space 512K,   0% used [0x24550000, 0x24550000, 0x245d0000)
 tenured generation   total 10944K, used 9668K [0x29650000, 0x2a100000, 0x34100000)
   the space 10944K,  88% used [0x29650000, 0x29fc1368, 0x29fc1400, 0x2a100000)
 compacting perm gen  total 12288K, used 1745K [0x34100000, 0x34d00000, 0x38100000)
   the space 12288K,  14% used [0x34100000, 0x342b4798, 0x342b4800, 0x34d00000)
    ro space 10240K,  41% used [0x38100000, 0x38532050, 0x38532200, 0x38b00000)
    rw space 12288K,  52% used [0x38b00000, 0x39146800, 0x39146800, 0x39700000)
Event: 1.206 GC heap after
Heap after GC invocations=18 (full 0):
 def new generation   total 4928K, used 334K [0x24100000, 0x24650000, 0x29650000)
  eden space 4416K,   0% used [0x24100000, 0x24100000, 0x24550000)
  from space 512K,  65% used [0x24550000, 0x245a3a18, 0x245d0000)
  to   space 512K,   0% used [0x245d0000, 0x245d0000, 0x24650000)
 tenured generation   total 10944K, used 9995K [0x29650000, 0x2a100000, 0x34100000)
   the space 10944K,  91% used [0x29650000, 0x2a012d78, 0x2a012e00, 0x2a100000)
 compacting perm gen  total 12288K, used 1745K [0x34100000, 0x34d00000, 0x38100000)
   the space 12288K,  14% used [0x34100000, 0x342b4798, 0x342b4800, 0x34d00000)
    ro space 10240K,  41% used [0x38100000, 0x38532050, 0x38532200, 0x38b00000)
    rw space 12288K,  52% used [0x38b00000, 0x39146800, 0x39146800, 0x39700000)
}
Event: 1.723 GC heap before
{Heap before GC invocations=18 (full 0):
 def new generation   total 4928K, used 3312K [0x24100000, 0x24650000, 0x29650000)
  eden space 4416K,  67% used [0x24100000, 0x243e8638, 0x24550000)
  from space 512K,  65% used [0x24550000, 0x245a3a18, 0x245d0000)
  to   space 512K,   0% used [0x245d0000, 0x245d0000, 0x24650000)
 tenured generation   total 10944K, used 9995K [0x29650000, 0x2a100000, 0x34100000)
   the space 10944K,  91% used [0x29650000, 0x2a012d78, 0x2a012e00, 0x2a100000)
 compacting perm gen  total 12288K, used 2455K [0x34100000, 0x34d00000, 0x38100000)
   the space 12288K,  19% used [0x34100000, 0x34365d08, 0x34365e00, 0x34d00000)
    ro space 10240K,  41% used [0x38100000, 0x38532050, 0x38532200, 0x38b00000)
    rw space 12288K,  52% used [0x38b00000, 0x39146800, 0x39146800, 0x39700000)
Event: 1.789 GC heap after
Heap after GC invocations=19 (full 1):
 def new generation   total 8704K, used 443K [0x24100000, 0x24a70000, 0x29650000)
  eden space 7744K,   5% used [0x24100000, 0x2416ee00, 0x24890000)
  from space 960K,   0% used [0x24890000, 0x24890000, 0x24980000)
  to   space 960K,   0% used [0x24980000, 0x24980000, 0x24a70000)
 tenured generation   total 19284K, used 11570K [0x29650000, 0x2a925000, 0x34100000)
   the space 19284K,  59% used [0x29650000, 0x2a19c818, 0x2a19ca00, 0x2a925000)
 compacting perm gen  total 12288K, used 2455K [0x34100000, 0x34d00000, 0x38100000)
   the space 12288K,  19% used [0x34100000, 0x34365d08, 0x34365e00, 0x34d00000)
    ro space 10240K,  41% used [0x38100000, 0x38532050, 0x38532200, 0x38b00000)
    rw space 12288K,  52% used [0x38b00000, 0x39146800, 0x39146800, 0x39700000)
}

