# JRE version: Java(TM) SE Runtime Environment (7.0_51-b13) (build 1.7.0_51-b13)
# Java VM: Java HotSpot(TM) Client VM (24.51-b03 mixed mode, sharing windows-x86 )
Heap
 def new generation   total 8704K, used 5227K [0x24100000, 0x24a70000, 0x29650000)
  eden space 7744K,  67% used [0x24100000, 0x2461add8, 0x24890000)
  from space 960K,   0% used [0x24890000, 0x24890000, 0x24980000)
  to   space 960K,   0% used [0x24980000, 0x24980000, 0x24a70000)
 tenured generation   total 19284K, used 11568K [0x29650000, 0x2a925000, 0x34100000)
   the space 19284K,  59% used [0x29650000, 0x2a19c2a8, 0x2a19c400, 0x2a925000)
 compacting perm gen  total 12288K, used 2482K [0x34100000, 0x34d00000, 0x38100000)
   the space 12288K,  20% used [0x34100000, 0x3436c938, 0x3436ca00, 0x34d00000)
    ro space 10240K,  41% used [0x38100000, 0x38532050, 0x38532200, 0x38b00000)
    rw space 12288K,  52% used [0x38b00000, 0x39146800, 0x39146800, 0x39700000)
GC Heap History (10 events):
Event: 1.128 GC heap before
{Heap before GC invocations=14 (full 0):
 def new generation   total 4928K, used 4727K [0x24100000, 0x24650000, 0x29650000)
  eden space 4416K, 100% used [0x24100000, 0x24550000, 0x24550000)
  from space 512K,  60% used [0x24550000, 0x2459ddf0, 0x245d0000)
  to   space 512K,   0% used [0x245d0000, 0x245d0000, 0x24650000)
 tenured generation   total 10944K, used 8649K [0x29650000, 0x2a100000, 0x34100000)
   the space 10944K,  79% used [0x29650000, 0x29ec2618, 0x29ec2800, 0x2a100000)
 compacting perm gen  total 12288K, used 1745K [0x34100000, 0x34d00000, 0x38100000)
   the space 12288K,  14% used [0x34100000, 0x342b4798, 0x342b4800, 0x34d00000)
    ro space 10240K,  41% used [0x38100000, 0x38532050, 0x38532200, 0x38b00000)
    rw space 12288K,  52% used [0x38b00000, 0x39146800, 0x39146800, 0x39700000)
Event: 1.131 GC heap after
Heap after GC invocations=15 (full 0):
 def new generation   total 4928K, used 354K [0x24100000, 0x24650000, 0x29650000)
  eden space 4416K,   0% used [0x24100000, 0x24100000, 0x24550000)
  from space 512K,  69% used [0x245d0000, 0x24628b28, 0x24650000)
  to   space 512K,   0% used [0x24550000, 0x24550000, 0x245d0000)
 tenured generation   total 10944K, used 8960K [0x29650000, 0x2a100000, 0x34100000)
   the space 10944K,  81% used [0x29650000, 0x29f102d0, 0x29f10400, 0x2a100000)
 compacting perm gen  total 12288K, used 1745K [0x34100000, 0x34d00000, 0x38100000)
   the space 12288K,  14% used [0x34100000, 0x342b4798, 0x342b4800, 0x34d00000)
    ro space 10240K,  41% used [0x38100000, 0x38532050, 0x38532200, 0x38b00000)
    rw space 12288K,  52% used [0x38b00000, 0x39146800, 0x39146800, 0x39700000)
}
Event: 1.157 GC heap before
{Heap before GC invocations=15 (full 0):
 def new generation   total 4928K, used 4770K [0x24100000, 0x24650000, 0x29650000)
  eden space 4416K, 100% used [0x24100000, 0x24550000, 0x24550000)
  from space 512K,  69% used [0x245d0000, 0x24628b28, 0x24650000)
  to   space 512K,   0% used [0x24550000, 0x24550000, 0x245d0000)
 tenured generation   total 10944K, used 8960K [0x29650000, 0x2a100000, 0x34100000)
   the space 10944K,  81% used [0x29650000, 0x29f102d0, 0x29f10400, 0x2a100000)
 compacting perm gen  total 12288K, used 1745K [0x34100000, 0x34d00000, 0x38100000)
   the space 12288K,  14% used [0x34100000, 0x342b4798, 0x342b4800, 0x34d00000)
    ro space 10240K,  41% used [0x38100000, 0x38532050, 0x38532200, 0x38b00000)
    rw space 12288K,  52% used [0x38b00000, 0x39146800, 0x39146800, 0x39700000)
Event: 1.160 GC heap after
Heap after GC invocations=16 (full 0):
 def new generation   total 4928K, used 355K [0x24100000, 0x24650000, 0x29650000)
  eden space 4416K,   0% used [0x24100000, 0x24100000, 0x24550000)
  from space 512K,  69% used [0x24550000, 0x245a8d78, 0x245d0000)
  to   space 512K,   0% used [0x245d0000, 0x245d0000, 0x24650000)
 tenured generation   total 10944K, used 9314K [0x29650000, 0x2a100000, 0x34100000)
   the space 10944K,  85% used [0x29650000, 0x29f68b60, 0x29f68c00, 0x2a100000)
 compacting perm gen  total 12288K, used 1745K [0x34100000, 0x34d00000, 0x38100000)
   the space 12288K,  14% used [0x34100000, 0x342b4798, 0x342b4800, 0x34d00000)
    ro space 10240K,  41% used [0x38100000, 0x38532050, 0x38532200, 0x38b00000)
    rw space 12288K,  52% used [0x38b00000, 0x39146800, 0x39146800, 0x39700000)
}
Event: 1.186 GC heap before
{Heap before GC invocations=16 (full 0):
 def new generation   total 4928K, used 4771K [0x24100000, 0x24650000, 0x29650000)
  eden space 4416K, 100% used [0x24100000, 0x24550000, 0x24550000)
  from space 512K,  69% used [0x24550000, 0x245a8d78, 0x245d0000)
  to   space 512K,   0% used [0x245d0000, 0x245d0000, 0x24650000)
 tenured generation   total 10944K, used 9314K [0x29650000, 0x2a100000, 0x34100000)
   the space 10944K,  85% used [0x29650000, 0x29f68b60, 0x29f68c00, 0x2a100000)
 compacting perm gen  total 12288K, used 1745K [0x34100000, 0x34d00000, 0x38100000)
   the space 12288K,  14% used [0x34100000, 0x342b4798, 0x342b4800, 0x34d00000)
    ro space 10240K,  41% used [0x38100000, 0x38532050, 0x38532200, 0x38b00000)
    rw space 12288K,  52% used [0x38b00000, 0x39146800, 0x39146800, 0x39700000)
Event: 1.189 GC heap after
Heap after GC invocations=17 (full 0):
 def new generation   total 4928K, used 336K [0x24100000, 0x24650000, 0x29650000)
  eden space 4416K,   0% used [0x24100000, 0x24100000, 0x24550000)
  from space 512K,  65% used [0x245d0000, 0x246240b0, 0x24650000)
  to   space 512K,   0% used [0x24550000, 0x24550000, 0x245d0000)
 tenured generation   total 10944K, used 9669K [0x29650000, 0x2a100000, 0x34100000)
   the space 10944K,  88% used [0x29650000, 0x29fc1750, 0x29fc1800, 0x2a100000)
 compacting perm gen  total 12288K, used 1745K [0x34100000, 0x34d00000, 0x38100000)
   the space 12288K,  14% used [0x34100000, 0x342b4798, 0x342b4800, 0x34d00000)
    ro space 10240K,  41% used [0x38100000, 0x38532050, 0x38532200, 0x38b00000)
    rw space 12288K,  52% used [0x38b00000, 0x39146800, 0x39146800, 0x39700000)
}
Event: 1.215 GC heap before
{Heap before GC invocations=17 (full 0):
 def new generation   total 4928K, used 4752K [0x24100000, 0x24650000, 0x29650000)
  eden space 4416K, 100% used [0x24100000, 0x24550000, 0x24550000)
  from space 512K,  65% used [0x245d0000, 0x246240b0, 0x24650000)
  to   space 512K,   0% used [0x24550000, 0x24550000, 0x245d0000)
 tenured generation   total 10944K, used 9669K [0x29650000, 0x2a100000, 0x34100000)
   the space 10944K,  88% used [0x29650000, 0x29fc1750, 0x29fc1800, 0x2a100000)
 compacting perm gen  total 12288K, used 1745K [0x34100000, 0x34d00000, 0x38100000)
   the space 12288K,  14% used [0x34100000, 0x342b4798, 0x342b4800, 0x34d00000)
    ro space 10240K,  41% used [0x38100000, 0x38532050, 0x38532200, 0x38b00000)
    rw space 12288K,  52% used [0x38b00000, 0x39146800, 0x39146800, 0x39700000)
Event: 1.218 GC heap after
Heap after GC invocations=18 (full 0):
 def new generation   total 4928K, used 323K [0x24100000, 0x24650000, 0x29650000)
  eden space 4416K,   0% used [0x24100000, 0x24100000, 0x24550000)
  from space 512K,  63% used [0x24550000, 0x245a0f08, 0x245d0000)
  to   space 512K,   0% used [0x245d0000, 0x245d0000, 0x24650000)
 tenured generation   total 10944K, used 10005K [0x29650000, 0x2a100000, 0x34100000)
   the space 10944K,  91% used [0x29650000, 0x2a015400, 0x2a015400, 0x2a100000)
 compacting perm gen  total 12288K, used 1745K [0x34100000, 0x34d00000, 0x38100000)
   the space 12288K,  14% used [0x34100000, 0x342b4798, 0x342b4800, 0x34d00000)
    ro space 10240K,  41% used [0x38100000, 0x38532050, 0x38532200, 0x38b00000)
    rw space 12288K,  52% used [0x38b00000, 0x39146800, 0x39146800, 0x39700000)
}
Event: 1.780 GC heap before
{Heap before GC invocations=18 (full 0):
 def new generation   total 4928K, used 3227K [0x24100000, 0x24650000, 0x29650000)
  eden space 4416K,  65% used [0x24100000, 0x243d5e30, 0x24550000)
  from space 512K,  63% used [0x24550000, 0x245a0f08, 0x245d0000)
  to   space 512K,   0% used [0x245d0000, 0x245d0000, 0x24650000)
 tenured generation   total 10944K, used 10005K [0x29650000, 0x2a100000, 0x34100000)
   the space 10944K,  91% used [0x29650000, 0x2a015400, 0x2a015400, 0x2a100000)
 compacting perm gen  total 12288K, used 2455K [0x34100000, 0x34d00000, 0x38100000)
   the space 12288K,  19% used [0x34100000, 0x34365d28, 0x34365e00, 0x34d00000)
    ro space 10240K,  41% used [0x38100000, 0x38532050, 0x38532200, 0x38b00000)
    rw space 12288K,  52% used [0x38b00000, 0x39146800, 0x39146800, 0x39700000)
Event: 1.888 GC heap after
Heap after GC invocations=19 (full 1):
 def new generation   total 8704K, used 443K [0x24100000, 0x24a70000, 0x29650000)
  eden space 7744K,   5% used [0x24100000, 0x2416ed98, 0x24890000)
  from space 960K,   0% used [0x24890000, 0x24890000, 0x24980000)
  to   space 960K,   0% used [0x24980000, 0x24980000, 0x24a70000)
 tenured generation   total 19284K, used 11568K [0x29650000, 0x2a925000, 0x34100000)
   the space 19284K,  59% used [0x29650000, 0x2a19c2a8, 0x2a19c400, 0x2a925000)
 compacting perm gen  total 12288K, used 2455K [0x34100000, 0x34d00000, 0x38100000)
   the space 12288K,  19% used [0x34100000, 0x34365d28, 0x34365e00, 0x34d00000)
    ro space 10240K,  41% used [0x38100000, 0x38532050, 0x38532200, 0x38b00000)
    rw space 12288K,  52% used [0x38b00000, 0x39146800, 0x39146800, 0x39700000)
}

